This file contains any messages produced by compilers while
running configure, to aid debugging if configure makes a mistake.

It was created by bash, which was
generated by GNU Autoconf 2.57.  Invocation command line was

  $ bash 

## --------- ##
## Platform. ##
## --------- ##

hostname = meggie-ThinkPad-E450c
uname -m = x86_64
uname -r = 4.17.19
uname -s = Linux
uname -v = #1 SMP Wed Mar 11 19:09:03 CST 2020

/usr/bin/uname -p = unknown
/bin/uname -X     = unknown

/bin/arch              = unknown
/usr/bin/arch -k       = unknown
/usr/convex/getsysinfo = unknown
hostinfo               = unknown
/bin/machine           = unknown
/usr/bin/oslevel       = unknown
/bin/universe          = unknown

PATH: /usr/local/sbin
PATH: /usr/local/bin
PATH: /usr/sbin
PATH: /usr/bin
PATH: /sbin
PATH: /bin
PATH: /usr/games
PATH: /usr/local/games


## ----------- ##
## Core tests. ##
## ----------- ##

bash:1253: checking build system type
bash:1271: result: x86_64-unknown-linux-gnu
bash:1279: checking host system type
bash:1293: result: x86_64-unknown-linux-gnu
bash:1362: checking for gcc
bash:1378: found /usr/bin/gcc
bash:1388: result: gcc
bash:1632: checking for C compiler version
bash:1635: gcc --version </dev/null >&5
gcc (Ubuntu 5.4.0-6ubuntu1~16.04.12) 5.4.0 20160609
Copyright (C) 2015 Free Software Foundation, Inc.
This is free software; see the source for copying conditions.  There is NO
warranty; not even for MERCHANTABILITY or FITNESS FOR A PARTICULAR PURPOSE.

bash:1638: $? = 0
bash:1640: gcc -v </dev/null >&5
Using built-in specs.
COLLECT_GCC=gcc
COLLECT_LTO_WRAPPER=/usr/lib/gcc/x86_64-linux-gnu/5/lto-wrapper
Target: x86_64-linux-gnu
Configured with: ../src/configure -v --with-pkgversion='Ubuntu 5.4.0-6ubuntu1~16.04.12' --with-bugurl=file:///usr/share/doc/gcc-5/README.Bugs --enable-languages=c,ada,c++,java,go,d,fortran,objc,obj-c++ --prefix=/usr --program-suffix=-5 --enable-shared --enable-linker-build-id --libexecdir=/usr/lib --without-included-gettext --enable-threads=posix --libdir=/usr/lib --enable-nls --with-sysroot=/ --enable-clocale=gnu --enable-libstdcxx-debug --enable-libstdcxx-time=yes --with-default-libstdcxx-abi=new --enable-gnu-unique-object --disable-vtable-verify --enable-libmpx --enable-plugin --with-system-zlib --disable-browser-plugin --enable-java-awt=gtk --enable-gtk-cairo --with-java-home=/usr/lib/jvm/java-1.5.0-gcj-5-amd64/jre --enable-java-home --with-jvm-root-dir=/usr/lib/jvm/java-1.5.0-gcj-5-amd64 --with-jvm-jar-dir=/usr/lib/jvm-exports/java-1.5.0-gcj-5-amd64 --with-arch-directory=amd64 --with-ecj-jar=/usr/share/java/eclipse-ecj.jar --enable-objc-gc --enable-multiarch --disable-werror --with-arch-32=i686 --with-abi=m64 --with-multilib-list=m32,m64,mx32 --enable-multilib --with-tune=generic --enable-checking=release --build=x86_64-linux-gnu --host=x86_64-linux-gnu --target=x86_64-linux-gnu
Thread model: posix
gcc version 5.4.0 20160609 (Ubuntu 5.4.0-6ubuntu1~16.04.12) 
bash:1643: $? = 0
bash:1645: gcc -V </dev/null >&5
gcc: error: unrecognized command line option '-V'
gcc: fatal error: no input files
compilation terminated.
bash:1648: $? = 1
bash:1672: checking for C compiler default output
bash:1675: gcc    conftest.c  >&5
bash:1678: $? = 0
bash:1724: result: a.out
bash:1729: checking whether the C compiler works
bash:1735: ./a.out
bash:1738: $? = 0
bash:1755: result: yes
bash:1762: checking whether we are cross compiling
bash:1764: result: no
bash:1767: checking for suffix of executables
bash:1769: gcc -o conftest    conftest.c  >&5
bash:1772: $? = 0
bash:1797: result: 
bash:1803: checking for suffix of object files
bash:1825: gcc -c   conftest.c >&5
bash:1828: $? = 0
bash:1850: result: o
bash:1854: checking whether we are using the GNU C compiler
bash:1879: gcc -c   conftest.c >&5
bash:1882: $? = 0
bash:1885: test -s conftest.o
bash:1888: $? = 0
bash:1901: result: yes
bash:1907: checking whether gcc accepts -g
bash:1929: gcc -c -g  conftest.c >&5
bash:1932: $? = 0
bash:1935: test -s conftest.o
bash:1938: $? = 0
bash:1949: result: yes
bash:1966: checking for gcc option to accept ANSI C
bash:2027: gcc  -c -g -O2  conftest.c >&5
bash:2030: $? = 0
bash:2033: test -s conftest.o
bash:2036: $? = 0
bash:2054: result: none needed
bash:2072: gcc -c -g -O2  conftest.c >&5
conftest.c:2:3: error: unknown type name 'choke'
   choke me
   ^
conftest.c:2:3: error: expected '=', ',', ';', 'asm' or '__attribute__' at end of input
bash:2075: $? = 1
bash: failed program was:
| #ifndef __cplusplus
|   choke me
| #endif
bash:2225: checking for ranlib
bash:2241: found /usr/bin/ranlib
bash:2252: result: ranlib
bash:2267: checking for pthread_create in -lpthread
bash:2298: gcc -o conftest -g -O2   conftest.c -lpthread   >&5
bash:2301: $? = 0
bash:2304: test -s conftest
bash:2307: $? = 0
bash:2319: result: yes
bash:2403: checking for t_open in -lnsl
bash:2434: gcc -o conftest -g -O2 -D_REENTRANT   conftest.c -lnsl  -lpthread  >&5
/tmp/ccbDkb8H.o: In function `main':
/home/meggie/Documents/unpv13e/configure:2431: undefined reference to `t_open'
collect2: error: ld returned 1 exit status
bash:2437: $? = 1
bash: failed program was:
| #line 2410 "configure"
| /* confdefs.h.  */
| 
| #define PACKAGE_NAME ""
| #define PACKAGE_TARNAME ""
| #define PACKAGE_VERSION ""
| #define PACKAGE_STRING ""
| #define PACKAGE_BUGREPORT ""
| #define CPU_VENDOR_OS "x86_64-unknown-linux-gnu"
| #define HAVE_LIBPTHREAD 1
| /* end confdefs.h.  */
| 
| /* Override any gcc2 internal prototype to avoid an error.  */
| #ifdef __cplusplus
| extern "C"
| #endif
| /* We use char because int might match the return type of a gcc2
|    builtin and then its argument prototype would still apply.  */
| char t_open ();
| int
| main ()
| {
| t_open ();
|   ;
|   return 0;
| }
bash:2455: result: no
bash:2466: checking for library containing socket
bash:2497: gcc -o conftest -g -O2 -D_REENTRANT   conftest.c -lpthread  >&5
bash:2500: $? = 0
bash:2503: test -s conftest
bash:2506: $? = 0
bash:2565: result: none required
bash:2573: checking for /usr/local/bind/lib/libbind.a
bash:2580: result: no
bash:2582: checking for /root/libbind.a
bash:2589: result: no
bash:2591: checking for /root/libresolv.a
bash:2598: result: no
bash:2601: checking for res_init in -lresolv
bash:2632: gcc -o conftest -g -O2 -D_REENTRANT   conftest.c -lresolv  -lpthread  >&5
/tmp/ccD4XPMS.o: In function `main':
/home/meggie/Documents/unpv13e/configure:2629: undefined reference to `res_init'
collect2: error: ld returned 1 exit status
bash:2635: $? = 1
bash: failed program was:
| #line 2608 "configure"
| /* confdefs.h.  */
| 
| #define PACKAGE_NAME ""
| #define PACKAGE_TARNAME ""
| #define PACKAGE_VERSION ""
| #define PACKAGE_STRING ""
| #define PACKAGE_BUGREPORT ""
| #define CPU_VENDOR_OS "x86_64-unknown-linux-gnu"
| #define HAVE_LIBPTHREAD 1
| /* end confdefs.h.  */
| 
| /* Override any gcc2 internal prototype to avoid an error.  */
| #ifdef __cplusplus
| extern "C"
| #endif
| /* We use char because int might match the return type of a gcc2
|    builtin and then its argument prototype would still apply.  */
| char res_init ();
| int
| main ()
| {
| res_init ();
|   ;
|   return 0;
| }
bash:2653: result: no
bash:2669: checking for t_open in -lxti
bash:2700: gcc -o conftest -g -O2 -D_REENTRANT   conftest.c -lxti  -lpthread  >&5
/usr/bin/ld: cannot find -lxti
collect2: error: ld returned 1 exit status
bash:2703: $? = 1
bash: failed program was:
| #line 2676 "configure"
| /* confdefs.h.  */
| 
| #define PACKAGE_NAME ""
| #define PACKAGE_TARNAME ""
| #define PACKAGE_VERSION ""
| #define PACKAGE_STRING ""
| #define PACKAGE_BUGREPORT ""
| #define CPU_VENDOR_OS "x86_64-unknown-linux-gnu"
| #define HAVE_LIBPTHREAD 1
| /* end confdefs.h.  */
| 
| /* Override any gcc2 internal prototype to avoid an error.  */
| #ifdef __cplusplus
| extern "C"
| #endif
| /* We use char because int might match the return type of a gcc2
|    builtin and then its argument prototype would still apply.  */
| char t_open ();
| int
| main ()
| {
| t_open ();
|   ;
|   return 0;
| }
bash:2721: result: no
bash:2733: checking for /root/libunp.a
bash:2741: result: no
bash:2747: checking for /root/libunpxti.a
bash:2755: result: no
bash:2766: checking how to run the C preprocessor
bash:2802: gcc -E  conftest.c
bash:2808: $? = 0
bash:2840: gcc -E  conftest.c
configure:2841:28: fatal error: ac_nonexistent.h: No such file or directory
   (eval $ac_cpp conftest.$ac_ext) 2>conftest.er1
                            ^
compilation terminated.
bash:2846: $? = 1
bash: failed program was:
| #line 2831 "configure"
| /* confdefs.h.  */
| 
| #define PACKAGE_NAME ""
| #define PACKAGE_TARNAME ""
| #define PACKAGE_VERSION ""
| #define PACKAGE_STRING ""
| #define PACKAGE_BUGREPORT ""
| #define CPU_VENDOR_OS "x86_64-unknown-linux-gnu"
| #define HAVE_LIBPTHREAD 1
| /* end confdefs.h.  */
| #include <ac_nonexistent.h>
bash:2884: result: gcc -E
bash:2909: gcc -E  conftest.c
bash:2915: $? = 0
bash:2947: gcc -E  conftest.c
configure:2948:28: fatal error: ac_nonexistent.h: No such file or directory
   (eval $ac_cpp conftest.$ac_ext) 2>conftest.er1
                            ^
compilation terminated.
bash:2953: $? = 1
bash: failed program was:
| #line 2938 "configure"
| /* confdefs.h.  */
| 
| #define PACKAGE_NAME ""
| #define PACKAGE_TARNAME ""
| #define PACKAGE_VERSION ""
| #define PACKAGE_STRING ""
| #define PACKAGE_BUGREPORT ""
| #define CPU_VENDOR_OS "x86_64-unknown-linux-gnu"
| #define HAVE_LIBPTHREAD 1
| /* end confdefs.h.  */
| #include <ac_nonexistent.h>
bash:2996: checking for egrep
bash:3006: result: grep -E
bash:3011: checking for ANSI C header files
bash:3037: gcc -c -g -O2 -D_REENTRANT  conftest.c >&5
bash:3040: $? = 0
bash:3043: test -s conftest.o
bash:3046: $? = 0
bash:3138: gcc -o conftest -g -O2 -D_REENTRANT   conftest.c -lpthread  >&5
configure: In function 'main':
configure:3133:7: warning: implicit declaration of function 'exit' [-Wimplicit-function-declaration]
       exit(2);
       ^
configure:3133:7: warning: incompatible implicit declaration of built-in function 'exit'
configure:3133:7: note: include '<stdlib.h>' or provide a declaration of 'exit'
configure:3134:3: warning: incompatible implicit declaration of built-in function 'exit'
   exit (0);
   ^
configure:3134:3: note: include '<stdlib.h>' or provide a declaration of 'exit'
bash:3141: $? = 0
bash:3143: ./conftest
bash:3146: $? = 0
bash:3161: result: yes
bash:3208: checking for sys/types.h
bash:3262: gcc -c -g -O2 -D_REENTRANT  conftest.c >&5
bash:3265: $? = 0
bash:3268: test -s conftest.o
bash:3271: $? = 0
bash:3282: result: yes
bash:3208: checking for sys/socket.h
bash:3262: gcc -c -g -O2 -D_REENTRANT  conftest.c >&5
bash:3265: $? = 0
bash:3268: test -s conftest.o
bash:3271: $? = 0
bash:3282: result: yes
bash:3208: checking for sys/time.h
bash:3262: gcc -c -g -O2 -D_REENTRANT  conftest.c >&5
bash:3265: $? = 0
bash:3268: test -s conftest.o
bash:3271: $? = 0
bash:3282: result: yes
bash:3208: checking for time.h
bash:3262: gcc -c -g -O2 -D_REENTRANT  conftest.c >&5
bash:3265: $? = 0
bash:3268: test -s conftest.o
bash:3271: $? = 0
bash:3282: result: yes
bash:3208: checking for netinet/in.h
bash:3262: gcc -c -g -O2 -D_REENTRANT  conftest.c >&5
bash:3265: $? = 0
bash:3268: test -s conftest.o
bash:3271: $? = 0
bash:3282: result: yes
bash:3208: checking for arpa/inet.h
bash:3262: gcc -c -g -O2 -D_REENTRANT  conftest.c >&5
bash:3265: $? = 0
bash:3268: test -s conftest.o
bash:3271: $? = 0
bash:3282: result: yes
bash:3208: checking for errno.h
bash:3262: gcc -c -g -O2 -D_REENTRANT  conftest.c >&5
bash:3265: $? = 0
bash:3268: test -s conftest.o
bash:3271: $? = 0
bash:3282: result: yes
bash:3208: checking for fcntl.h
bash:3262: gcc -c -g -O2 -D_REENTRANT  conftest.c >&5
bash:3265: $? = 0
bash:3268: test -s conftest.o
bash:3271: $? = 0
bash:3282: result: yes
bash:3208: checking for netdb.h
bash:3262: gcc -c -g -O2 -D_REENTRANT  conftest.c >&5
bash:3265: $? = 0
bash:3268: test -s conftest.o
bash:3271: $? = 0
bash:3282: result: yes
bash:3208: checking for signal.h
bash:3262: gcc -c -g -O2 -D_REENTRANT  conftest.c >&5
bash:3265: $? = 0
bash:3268: test -s conftest.o
bash:3271: $? = 0
bash:3282: result: yes
bash:3208: checking for stdio.h
bash:3262: gcc -c -g -O2 -D_REENTRANT  conftest.c >&5
bash:3265: $? = 0
bash:3268: test -s conftest.o
bash:3271: $? = 0
bash:3282: result: yes
bash:3208: checking for stdlib.h
bash:3262: gcc -c -g -O2 -D_REENTRANT  conftest.c >&5
bash:3265: $? = 0
bash:3268: test -s conftest.o
bash:3271: $? = 0
bash:3282: result: yes
bash:3208: checking for string.h
bash:3262: gcc -c -g -O2 -D_REENTRANT  conftest.c >&5
bash:3265: $? = 0
bash:3268: test -s conftest.o
bash:3271: $? = 0
bash:3282: result: yes
bash:3208: checking for sys/stat.h
bash:3262: gcc -c -g -O2 -D_REENTRANT  conftest.c >&5
bash:3265: $? = 0
bash:3268: test -s conftest.o
bash:3271: $? = 0
bash:3282: result: yes
bash:3208: checking for sys/uio.h
bash:3262: gcc -c -g -O2 -D_REENTRANT  conftest.c >&5
bash:3265: $? = 0
bash:3268: test -s conftest.o
bash:3271: $? = 0
bash:3282: result: yes
bash:3208: checking for unistd.h
bash:3262: gcc -c -g -O2 -D_REENTRANT  conftest.c >&5
bash:3265: $? = 0
bash:3268: test -s conftest.o
bash:3271: $? = 0
bash:3282: result: yes
bash:3208: checking for sys/wait.h
bash:3262: gcc -c -g -O2 -D_REENTRANT  conftest.c >&5
bash:3265: $? = 0
bash:3268: test -s conftest.o
bash:3271: $? = 0
bash:3282: result: yes
bash:3208: checking for sys/un.h
bash:3262: gcc -c -g -O2 -D_REENTRANT  conftest.c >&5
bash:3265: $? = 0
bash:3268: test -s conftest.o
bash:3271: $? = 0
bash:3282: result: yes
bash:3208: checking for sys/param.h
bash:3262: gcc -c -g -O2 -D_REENTRANT  conftest.c >&5
bash:3265: $? = 0
bash:3268: test -s conftest.o
bash:3271: $? = 0
bash:3282: result: yes
bash:3208: checking for sys/select.h
bash:3262: gcc -c -g -O2 -D_REENTRANT  conftest.c >&5
bash:3265: $? = 0
bash:3268: test -s conftest.o
bash:3271: $? = 0
bash:3282: result: yes
bash:3208: checking for sys/sysctl.h
bash:3262: gcc -c -g -O2 -D_REENTRANT  conftest.c >&5
bash:3265: $? = 0
bash:3268: test -s conftest.o
bash:3271: $? = 0
bash:3282: result: yes
bash:3208: checking for poll.h
bash:3262: gcc -c -g -O2 -D_REENTRANT  conftest.c >&5
bash:3265: $? = 0
bash:3268: test -s conftest.o
bash:3271: $? = 0
bash:3282: result: yes
bash:3208: checking for sys/event.h
bash:3262: gcc -c -g -O2 -D_REENTRANT  conftest.c >&5
configure:3285:23: fatal error: sys/event.h: No such file or directory
   cat >>confdefs.h <<_ACEOF
                       ^
compilation terminated.
bash:3265: $? = 1
bash: failed program was:
| #line 3213 "configure"
| /* confdefs.h.  */
| 
| #define PACKAGE_NAME ""
| #define PACKAGE_TARNAME ""
| #define PACKAGE_VERSION ""
| #define PACKAGE_STRING ""
| #define PACKAGE_BUGREPORT ""
| #define CPU_VENDOR_OS "x86_64-unknown-linux-gnu"
| #define HAVE_LIBPTHREAD 1
| #define STDC_HEADERS 1
| #define HAVE_SYS_TYPES_H 1
| #define HAVE_SYS_SOCKET_H 1
| #define HAVE_SYS_TIME_H 1
| #define HAVE_TIME_H 1
| #define HAVE_NETINET_IN_H 1
| #define HAVE_ARPA_INET_H 1
| #define HAVE_ERRNO_H 1
| #define HAVE_FCNTL_H 1
| #define HAVE_NETDB_H 1
| #define HAVE_SIGNAL_H 1
| #define HAVE_STDIO_H 1
| #define HAVE_STDLIB_H 1
| #define HAVE_STRING_H 1
| #define HAVE_SYS_STAT_H 1
| #define HAVE_SYS_UIO_H 1
| #define HAVE_UNISTD_H 1
| #define HAVE_SYS_WAIT_H 1
| #define HAVE_SYS_UN_H 1
| #define HAVE_SYS_PARAM_H 1
| #define HAVE_SYS_SELECT_H 1
| #define HAVE_SYS_SYSCTL_H 1
| #define HAVE_POLL_H 1
| /* end confdefs.h.  */
| 
| #include <stdio.h>
| #if HAVE_SYS_TYPES_H
| # include <sys/types.h>
| #endif
| #if HAVE_SYS_STAT_H
| # include <sys/stat.h>
| #endif
| #if STDC_HEADERS
| # include <stdlib.h>
| # include <stddef.h>
| #else
| # if HAVE_STDLIB_H
| #  include <stdlib.h>
| # endif
| #endif
| #if HAVE_STRING_H
| # if !STDC_HEADERS && HAVE_MEMORY_H
| #  include <memory.h>
| # endif
| # include <string.h>
| #endif
| #if HAVE_STRINGS_H
| # include <strings.h>
| #endif
| #if HAVE_INTTYPES_H
| # include <inttypes.h>
| #else
| # if HAVE_STDINT_H
| #  include <stdint.h>
| # endif
| #endif
| #if HAVE_UNISTD_H
| # include <unistd.h>
| #endif
| #if HAVE_SYS_PARAM_H
| # include <sys/param.h>
| #endif
| 
| #include <sys/event.h>
bash:3282: result: no
bash:3208: checking for strings.h
bash:3262: gcc -c -g -O2 -D_REENTRANT  conftest.c >&5
bash:3265: $? = 0
bash:3268: test -s conftest.o
bash:3271: $? = 0
bash:3282: result: yes
bash:3208: checking for sys/ioctl.h
bash:3262: gcc -c -g -O2 -D_REENTRANT  conftest.c >&5
bash:3265: $? = 0
bash:3268: test -s conftest.o
bash:3271: $? = 0
bash:3282: result: yes
bash:3208: checking for sys/filio.h
bash:3262: gcc -c -g -O2 -D_REENTRANT  conftest.c >&5
configure:3287:23: fatal error: sys/filio.h: No such file or directory
compilation terminated.
bash:3265: $? = 1
bash: failed program was:
| #line 3213 "configure"
| /* confdefs.h.  */
| 
| #define PACKAGE_NAME ""
| #define PACKAGE_TARNAME ""
| #define PACKAGE_VERSION ""
| #define PACKAGE_STRING ""
| #define PACKAGE_BUGREPORT ""
| #define CPU_VENDOR_OS "x86_64-unknown-linux-gnu"
| #define HAVE_LIBPTHREAD 1
| #define STDC_HEADERS 1
| #define HAVE_SYS_TYPES_H 1
| #define HAVE_SYS_SOCKET_H 1
| #define HAVE_SYS_TIME_H 1
| #define HAVE_TIME_H 1
| #define HAVE_NETINET_IN_H 1
| #define HAVE_ARPA_INET_H 1
| #define HAVE_ERRNO_H 1
| #define HAVE_FCNTL_H 1
| #define HAVE_NETDB_H 1
| #define HAVE_SIGNAL_H 1
| #define HAVE_STDIO_H 1
| #define HAVE_STDLIB_H 1
| #define HAVE_STRING_H 1
| #define HAVE_SYS_STAT_H 1
| #define HAVE_SYS_UIO_H 1
| #define HAVE_UNISTD_H 1
| #define HAVE_SYS_WAIT_H 1
| #define HAVE_SYS_UN_H 1
| #define HAVE_SYS_PARAM_H 1
| #define HAVE_SYS_SELECT_H 1
| #define HAVE_SYS_SYSCTL_H 1
| #define HAVE_POLL_H 1
| #define HAVE_STRINGS_H 1
| #define HAVE_SYS_IOCTL_H 1
| /* end confdefs.h.  */
| 
| #include <stdio.h>
| #if HAVE_SYS_TYPES_H
| # include <sys/types.h>
| #endif
| #if HAVE_SYS_STAT_H
| # include <sys/stat.h>
| #endif
| #if STDC_HEADERS
| # include <stdlib.h>
| # include <stddef.h>
| #else
| # if HAVE_STDLIB_H
| #  include <stdlib.h>
| # endif
| #endif
| #if HAVE_STRING_H
| # if !STDC_HEADERS && HAVE_MEMORY_H
| #  include <memory.h>
| # endif
| # include <string.h>
| #endif
| #if HAVE_STRINGS_H
| # include <strings.h>
| #endif
| #if HAVE_INTTYPES_H
| # include <inttypes.h>
| #else
| # if HAVE_STDINT_H
| #  include <stdint.h>
| # endif
| #endif
| #if HAVE_UNISTD_H
| # include <unistd.h>
| #endif
| #if HAVE_SYS_PARAM_H
| # include <sys/param.h>
| #endif
| 
| #include <sys/filio.h>
bash:3282: result: no
bash:3208: checking for sys/sockio.h
bash:3262: gcc -c -g -O2 -D_REENTRANT  conftest.c >&5
configure:3287:24: fatal error: sys/sockio.h: No such file or directory
compilation terminated.
bash:3265: $? = 1
bash: failed program was:
| #line 3213 "configure"
| /* confdefs.h.  */
| 
| #define PACKAGE_NAME ""
| #define PACKAGE_TARNAME ""
| #define PACKAGE_VERSION ""
| #define PACKAGE_STRING ""
| #define PACKAGE_BUGREPORT ""
| #define CPU_VENDOR_OS "x86_64-unknown-linux-gnu"
| #define HAVE_LIBPTHREAD 1
| #define STDC_HEADERS 1
| #define HAVE_SYS_TYPES_H 1
| #define HAVE_SYS_SOCKET_H 1
| #define HAVE_SYS_TIME_H 1
| #define HAVE_TIME_H 1
| #define HAVE_NETINET_IN_H 1
| #define HAVE_ARPA_INET_H 1
| #define HAVE_ERRNO_H 1
| #define HAVE_FCNTL_H 1
| #define HAVE_NETDB_H 1
| #define HAVE_SIGNAL_H 1
| #define HAVE_STDIO_H 1
| #define HAVE_STDLIB_H 1
| #define HAVE_STRING_H 1
| #define HAVE_SYS_STAT_H 1
| #define HAVE_SYS_UIO_H 1
| #define HAVE_UNISTD_H 1
| #define HAVE_SYS_WAIT_H 1
| #define HAVE_SYS_UN_H 1
| #define HAVE_SYS_PARAM_H 1
| #define HAVE_SYS_SELECT_H 1
| #define HAVE_SYS_SYSCTL_H 1
| #define HAVE_POLL_H 1
| #define HAVE_STRINGS_H 1
| #define HAVE_SYS_IOCTL_H 1
| /* end confdefs.h.  */
| 
| #include <stdio.h>
| #if HAVE_SYS_TYPES_H
| # include <sys/types.h>
| #endif
| #if HAVE_SYS_STAT_H
| # include <sys/stat.h>
| #endif
| #if STDC_HEADERS
| # include <stdlib.h>
| # include <stddef.h>
| #else
| # if HAVE_STDLIB_H
| #  include <stdlib.h>
| # endif
| #endif
| #if HAVE_STRING_H
| # if !STDC_HEADERS && HAVE_MEMORY_H
| #  include <memory.h>
| # endif
| # include <string.h>
| #endif
| #if HAVE_STRINGS_H
| # include <strings.h>
| #endif
| #if HAVE_INTTYPES_H
| # include <inttypes.h>
| #else
| # if HAVE_STDINT_H
| #  include <stdint.h>
| # endif
| #endif
| #if HAVE_UNISTD_H
| # include <unistd.h>
| #endif
| #if HAVE_SYS_PARAM_H
| # include <sys/param.h>
| #endif
| 
| #include <sys/sockio.h>
bash:3282: result: no
bash:3208: checking for pthread.h
bash:3262: gcc -c -g -O2 -D_REENTRANT  conftest.c >&5
bash:3265: $? = 0
bash:3268: test -s conftest.o
bash:3271: $? = 0
bash:3282: result: yes
bash:3208: checking for net/if_dl.h
bash:3262: gcc -c -g -O2 -D_REENTRANT  conftest.c >&5
configure:3288:23: fatal error: net/if_dl.h: No such file or directory
compilation terminated.
bash:3265: $? = 1
bash: failed program was:
| #line 3213 "configure"
| /* confdefs.h.  */
| 
| #define PACKAGE_NAME ""
| #define PACKAGE_TARNAME ""
| #define PACKAGE_VERSION ""
| #define PACKAGE_STRING ""
| #define PACKAGE_BUGREPORT ""
| #define CPU_VENDOR_OS "x86_64-unknown-linux-gnu"
| #define HAVE_LIBPTHREAD 1
| #define STDC_HEADERS 1
| #define HAVE_SYS_TYPES_H 1
| #define HAVE_SYS_SOCKET_H 1
| #define HAVE_SYS_TIME_H 1
| #define HAVE_TIME_H 1
| #define HAVE_NETINET_IN_H 1
| #define HAVE_ARPA_INET_H 1
| #define HAVE_ERRNO_H 1
| #define HAVE_FCNTL_H 1
| #define HAVE_NETDB_H 1
| #define HAVE_SIGNAL_H 1
| #define HAVE_STDIO_H 1
| #define HAVE_STDLIB_H 1
| #define HAVE_STRING_H 1
| #define HAVE_SYS_STAT_H 1
| #define HAVE_SYS_UIO_H 1
| #define HAVE_UNISTD_H 1
| #define HAVE_SYS_WAIT_H 1
| #define HAVE_SYS_UN_H 1
| #define HAVE_SYS_PARAM_H 1
| #define HAVE_SYS_SELECT_H 1
| #define HAVE_SYS_SYSCTL_H 1
| #define HAVE_POLL_H 1
| #define HAVE_STRINGS_H 1
| #define HAVE_SYS_IOCTL_H 1
| #define HAVE_PTHREAD_H 1
| /* end confdefs.h.  */
| 
| #include <stdio.h>
| #if HAVE_SYS_TYPES_H
| # include <sys/types.h>
| #endif
| #if HAVE_SYS_STAT_H
| # include <sys/stat.h>
| #endif
| #if STDC_HEADERS
| # include <stdlib.h>
| # include <stddef.h>
| #else
| # if HAVE_STDLIB_H
| #  include <stdlib.h>
| # endif
| #endif
| #if HAVE_STRING_H
| # if !STDC_HEADERS && HAVE_MEMORY_H
| #  include <memory.h>
| # endif
| # include <string.h>
| #endif
| #if HAVE_STRINGS_H
| # include <strings.h>
| #endif
| #if HAVE_INTTYPES_H
| # include <inttypes.h>
| #else
| # if HAVE_STDINT_H
| #  include <stdint.h>
| # endif
| #endif
| #if HAVE_UNISTD_H
| # include <unistd.h>
| #endif
| #if HAVE_SYS_PARAM_H
| # include <sys/param.h>
| #endif
| 
| #include <net/if_dl.h>
bash:3282: result: no
bash:3208: checking for xti.h
bash:3262: gcc -c -g -O2 -D_REENTRANT  conftest.c >&5
configure:3288:17: fatal error: xti.h: No such file or directory
compilation terminated.
bash:3265: $? = 1
bash: failed program was:
| #line 3213 "configure"
| /* confdefs.h.  */
| 
| #define PACKAGE_NAME ""
| #define PACKAGE_TARNAME ""
| #define PACKAGE_VERSION ""
| #define PACKAGE_STRING ""
| #define PACKAGE_BUGREPORT ""
| #define CPU_VENDOR_OS "x86_64-unknown-linux-gnu"
| #define HAVE_LIBPTHREAD 1
| #define STDC_HEADERS 1
| #define HAVE_SYS_TYPES_H 1
| #define HAVE_SYS_SOCKET_H 1
| #define HAVE_SYS_TIME_H 1
| #define HAVE_TIME_H 1
| #define HAVE_NETINET_IN_H 1
| #define HAVE_ARPA_INET_H 1
| #define HAVE_ERRNO_H 1
| #define HAVE_FCNTL_H 1
| #define HAVE_NETDB_H 1
| #define HAVE_SIGNAL_H 1
| #define HAVE_STDIO_H 1
| #define HAVE_STDLIB_H 1
| #define HAVE_STRING_H 1
| #define HAVE_SYS_STAT_H 1
| #define HAVE_SYS_UIO_H 1
| #define HAVE_UNISTD_H 1
| #define HAVE_SYS_WAIT_H 1
| #define HAVE_SYS_UN_H 1
| #define HAVE_SYS_PARAM_H 1
| #define HAVE_SYS_SELECT_H 1
| #define HAVE_SYS_SYSCTL_H 1
| #define HAVE_POLL_H 1
| #define HAVE_STRINGS_H 1
| #define HAVE_SYS_IOCTL_H 1
| #define HAVE_PTHREAD_H 1
| /* end confdefs.h.  */
| 
| #include <stdio.h>
| #if HAVE_SYS_TYPES_H
| # include <sys/types.h>
| #endif
| #if HAVE_SYS_STAT_H
| # include <sys/stat.h>
| #endif
| #if STDC_HEADERS
| # include <stdlib.h>
| # include <stddef.h>
| #else
| # if HAVE_STDLIB_H
| #  include <stdlib.h>
| # endif
| #endif
| #if HAVE_STRING_H
| # if !STDC_HEADERS && HAVE_MEMORY_H
| #  include <memory.h>
| # endif
| # include <string.h>
| #endif
| #if HAVE_STRINGS_H
| # include <strings.h>
| #endif
| #if HAVE_INTTYPES_H
| # include <inttypes.h>
| #else
| # if HAVE_STDINT_H
| #  include <stdint.h>
| # endif
| #endif
| #if HAVE_UNISTD_H
| # include <unistd.h>
| #endif
| #if HAVE_SYS_PARAM_H
| # include <sys/param.h>
| #endif
| 
| #include <xti.h>
bash:3282: result: no
bash:3208: checking for xti_inet.h
bash:3262: gcc -c -g -O2 -D_REENTRANT  conftest.c >&5
configure:3288:22: fatal error: xti_inet.h: No such file or directory
compilation terminated.
bash:3265: $? = 1
bash: failed program was:
| #line 3213 "configure"
| /* confdefs.h.  */
| 
| #define PACKAGE_NAME ""
| #define PACKAGE_TARNAME ""
| #define PACKAGE_VERSION ""
| #define PACKAGE_STRING ""
| #define PACKAGE_BUGREPORT ""
| #define CPU_VENDOR_OS "x86_64-unknown-linux-gnu"
| #define HAVE_LIBPTHREAD 1
| #define STDC_HEADERS 1
| #define HAVE_SYS_TYPES_H 1
| #define HAVE_SYS_SOCKET_H 1
| #define HAVE_SYS_TIME_H 1
| #define HAVE_TIME_H 1
| #define HAVE_NETINET_IN_H 1
| #define HAVE_ARPA_INET_H 1
| #define HAVE_ERRNO_H 1
| #define HAVE_FCNTL_H 1
| #define HAVE_NETDB_H 1
| #define HAVE_SIGNAL_H 1
| #define HAVE_STDIO_H 1
| #define HAVE_STDLIB_H 1
| #define HAVE_STRING_H 1
| #define HAVE_SYS_STAT_H 1
| #define HAVE_SYS_UIO_H 1
| #define HAVE_UNISTD_H 1
| #define HAVE_SYS_WAIT_H 1
| #define HAVE_SYS_UN_H 1
| #define HAVE_SYS_PARAM_H 1
| #define HAVE_SYS_SELECT_H 1
| #define HAVE_SYS_SYSCTL_H 1
| #define HAVE_POLL_H 1
| #define HAVE_STRINGS_H 1
| #define HAVE_SYS_IOCTL_H 1
| #define HAVE_PTHREAD_H 1
| /* end confdefs.h.  */
| 
| #include <stdio.h>
| #if HAVE_SYS_TYPES_H
| # include <sys/types.h>
| #endif
| #if HAVE_SYS_STAT_H
| # include <sys/stat.h>
| #endif
| #if STDC_HEADERS
| # include <stdlib.h>
| # include <stddef.h>
| #else
| # if HAVE_STDLIB_H
| #  include <stdlib.h>
| # endif
| #endif
| #if HAVE_STRING_H
| # if !STDC_HEADERS && HAVE_MEMORY_H
| #  include <memory.h>
| # endif
| # include <string.h>
| #endif
| #if HAVE_STRINGS_H
| # include <strings.h>
| #endif
| #if HAVE_INTTYPES_H
| # include <inttypes.h>
| #else
| # if HAVE_STDINT_H
| #  include <stdint.h>
| # endif
| #endif
| #if HAVE_UNISTD_H
| # include <unistd.h>
| #endif
| #if HAVE_SYS_PARAM_H
| # include <sys/param.h>
| #endif
| 
| #include <xti_inet.h>
bash:3282: result: no
bash:3208: checking for netconfig.h
bash:3262: gcc -c -g -O2 -D_REENTRANT  conftest.c >&5
configure:3288:23: fatal error: netconfig.h: No such file or directory
compilation terminated.
bash:3265: $? = 1
bash: failed program was:
| #line 3213 "configure"
| /* confdefs.h.  */
| 
| #define PACKAGE_NAME ""
| #define PACKAGE_TARNAME ""
| #define PACKAGE_VERSION ""
| #define PACKAGE_STRING ""
| #define PACKAGE_BUGREPORT ""
| #define CPU_VENDOR_OS "x86_64-unknown-linux-gnu"
| #define HAVE_LIBPTHREAD 1
| #define STDC_HEADERS 1
| #define HAVE_SYS_TYPES_H 1
| #define HAVE_SYS_SOCKET_H 1
| #define HAVE_SYS_TIME_H 1
| #define HAVE_TIME_H 1
| #define HAVE_NETINET_IN_H 1
| #define HAVE_ARPA_INET_H 1
| #define HAVE_ERRNO_H 1
| #define HAVE_FCNTL_H 1
| #define HAVE_NETDB_H 1
| #define HAVE_SIGNAL_H 1
| #define HAVE_STDIO_H 1
| #define HAVE_STDLIB_H 1
| #define HAVE_STRING_H 1
| #define HAVE_SYS_STAT_H 1
| #define HAVE_SYS_UIO_H 1
| #define HAVE_UNISTD_H 1
| #define HAVE_SYS_WAIT_H 1
| #define HAVE_SYS_UN_H 1
| #define HAVE_SYS_PARAM_H 1
| #define HAVE_SYS_SELECT_H 1
| #define HAVE_SYS_SYSCTL_H 1
| #define HAVE_POLL_H 1
| #define HAVE_STRINGS_H 1
| #define HAVE_SYS_IOCTL_H 1
| #define HAVE_PTHREAD_H 1
| /* end confdefs.h.  */
| 
| #include <stdio.h>
| #if HAVE_SYS_TYPES_H
| # include <sys/types.h>
| #endif
| #if HAVE_SYS_STAT_H
| # include <sys/stat.h>
| #endif
| #if STDC_HEADERS
| # include <stdlib.h>
| # include <stddef.h>
| #else
| # if HAVE_STDLIB_H
| #  include <stdlib.h>
| # endif
| #endif
| #if HAVE_STRING_H
| # if !STDC_HEADERS && HAVE_MEMORY_H
| #  include <memory.h>
| # endif
| # include <string.h>
| #endif
| #if HAVE_STRINGS_H
| # include <strings.h>
| #endif
| #if HAVE_INTTYPES_H
| # include <inttypes.h>
| #else
| # if HAVE_STDINT_H
| #  include <stdint.h>
| # endif
| #endif
| #if HAVE_UNISTD_H
| # include <unistd.h>
| #endif
| #if HAVE_SYS_PARAM_H
| # include <sys/param.h>
| #endif
| 
| #include <netconfig.h>
bash:3282: result: no
bash:3208: checking for netdir.h
bash:3262: gcc -c -g -O2 -D_REENTRANT  conftest.c >&5
configure:3288:20: fatal error: netdir.h: No such file or directory
compilation terminated.
bash:3265: $? = 1
bash: failed program was:
| #line 3213 "configure"
| /* confdefs.h.  */
| 
| #define PACKAGE_NAME ""
| #define PACKAGE_TARNAME ""
| #define PACKAGE_VERSION ""
| #define PACKAGE_STRING ""
| #define PACKAGE_BUGREPORT ""
| #define CPU_VENDOR_OS "x86_64-unknown-linux-gnu"
| #define HAVE_LIBPTHREAD 1
| #define STDC_HEADERS 1
| #define HAVE_SYS_TYPES_H 1
| #define HAVE_SYS_SOCKET_H 1
| #define HAVE_SYS_TIME_H 1
| #define HAVE_TIME_H 1
| #define HAVE_NETINET_IN_H 1
| #define HAVE_ARPA_INET_H 1
| #define HAVE_ERRNO_H 1
| #define HAVE_FCNTL_H 1
| #define HAVE_NETDB_H 1
| #define HAVE_SIGNAL_H 1
| #define HAVE_STDIO_H 1
| #define HAVE_STDLIB_H 1
| #define HAVE_STRING_H 1
| #define HAVE_SYS_STAT_H 1
| #define HAVE_SYS_UIO_H 1
| #define HAVE_UNISTD_H 1
| #define HAVE_SYS_WAIT_H 1
| #define HAVE_SYS_UN_H 1
| #define HAVE_SYS_PARAM_H 1
| #define HAVE_SYS_SELECT_H 1
| #define HAVE_SYS_SYSCTL_H 1
| #define HAVE_POLL_H 1
| #define HAVE_STRINGS_H 1
| #define HAVE_SYS_IOCTL_H 1
| #define HAVE_PTHREAD_H 1
| /* end confdefs.h.  */
| 
| #include <stdio.h>
| #if HAVE_SYS_TYPES_H
| # include <sys/types.h>
| #endif
| #if HAVE_SYS_STAT_H
| # include <sys/stat.h>
| #endif
| #if STDC_HEADERS
| # include <stdlib.h>
| # include <stddef.h>
| #else
| # if HAVE_STDLIB_H
| #  include <stdlib.h>
| # endif
| #endif
| #if HAVE_STRING_H
| # if !STDC_HEADERS && HAVE_MEMORY_H
| #  include <memory.h>
| # endif
| # include <string.h>
| #endif
| #if HAVE_STRINGS_H
| # include <strings.h>
| #endif
| #if HAVE_INTTYPES_H
| # include <inttypes.h>
| #else
| # if HAVE_STDINT_H
| #  include <stdint.h>
| # endif
| #endif
| #if HAVE_UNISTD_H
| # include <unistd.h>
| #endif
| #if HAVE_SYS_PARAM_H
| # include <sys/param.h>
| #endif
| 
| #include <netdir.h>
bash:3282: result: no
bash:3208: checking for stropts.h
bash:3262: gcc -c -g -O2 -D_REENTRANT  conftest.c >&5
bash:3265: $? = 0
bash:3268: test -s conftest.o
bash:3271: $? = 0
bash:3282: result: yes
bash:3294: checking whether time.h and sys/time.h may both be included
bash:3320: gcc -c -g -O2 -D_REENTRANT  conftest.c >&5
bash:3323: $? = 0
bash:3326: test -s conftest.o
bash:3329: $? = 0
bash:3340: result: yes
bash:3350: checking if uint8_t defined
bash:3442: gcc -c -g -O2 -D_REENTRANT  conftest.c >&5
bash:3445: $? = 0
bash:3448: test -s conftest.o
bash:3451: $? = 0
bash:3463: result: yes
bash:3473: checking if int16_t defined
bash:3565: gcc -c -g -O2 -D_REENTRANT  conftest.c >&5
bash:3568: $? = 0
bash:3571: test -s conftest.o
bash:3574: $? = 0
bash:3586: result: yes
bash:3596: checking if uint16_t defined
bash:3688: gcc -c -g -O2 -D_REENTRANT  conftest.c >&5
bash:3691: $? = 0
bash:3694: test -s conftest.o
bash:3697: $? = 0
bash:3709: result: yes
bash:3719: checking if int32_t defined
bash:3811: gcc -c -g -O2 -D_REENTRANT  conftest.c >&5
bash:3814: $? = 0
bash:3817: test -s conftest.o
bash:3820: $? = 0
bash:3832: result: yes
bash:3842: checking if uint32_t defined
bash:3934: gcc -c -g -O2 -D_REENTRANT  conftest.c >&5
bash:3937: $? = 0
bash:3940: test -s conftest.o
bash:3943: $? = 0
bash:3955: result: yes
bash:3965: checking if size_t defined
bash:4057: gcc -c -g -O2 -D_REENTRANT  conftest.c >&5
bash:4060: $? = 0
bash:4063: test -s conftest.o
bash:4066: $? = 0
bash:4078: result: yes
bash:4088: checking if ssize_t defined
bash:4180: gcc -c -g -O2 -D_REENTRANT  conftest.c >&5
bash:4183: $? = 0
bash:4186: test -s conftest.o
bash:4189: $? = 0
bash:4201: result: yes
bash:4211: checking if socklen_t defined
bash:4303: gcc -c -g -O2 -D_REENTRANT  conftest.c >&5
bash:4306: $? = 0
bash:4309: test -s conftest.o
bash:4312: $? = 0
bash:4324: result: yes
bash:4334: checking if sa_family_t defined
bash:4426: gcc -c -g -O2 -D_REENTRANT  conftest.c >&5
bash:4429: $? = 0
bash:4432: test -s conftest.o
bash:4435: $? = 0
bash:4447: result: yes
bash:4458: checking if t_scalar_t defined
bash:4565: gcc -c -g -O2 -D_REENTRANT  conftest.c >&5
bash:4568: $? = 0
bash:4571: test -s conftest.o
bash:4574: $? = 0
bash:4586: result: yes
bash:4596: checking if t_uscalar_t defined
bash:4703: gcc -c -g -O2 -D_REENTRANT  conftest.c >&5
bash:4706: $? = 0
bash:4709: test -s conftest.o
bash:4712: $? = 0
bash:4724: result: yes
bash:4735: checking for struct sockaddr.sa_len
bash:4762: gcc -c -g -O2 -D_REENTRANT  conftest.c >&5
configure: In function 'main':
configure:4786:12: error: 'struct sockaddr' has no member named 'sa_len'
 #include <sys/types.h>
            ^
bash:4765: $? = 1
bash: failed program was:
| #line 4740 "configure"
| /* confdefs.h.  */
| 
| #define PACKAGE_NAME ""
| #define PACKAGE_TARNAME ""
| #define PACKAGE_VERSION ""
| #define PACKAGE_STRING ""
| #define PACKAGE_BUGREPORT ""
| #define CPU_VENDOR_OS "x86_64-unknown-linux-gnu"
| #define HAVE_LIBPTHREAD 1
| #define STDC_HEADERS 1
| #define HAVE_SYS_TYPES_H 1
| #define HAVE_SYS_SOCKET_H 1
| #define HAVE_SYS_TIME_H 1
| #define HAVE_TIME_H 1
| #define HAVE_NETINET_IN_H 1
| #define HAVE_ARPA_INET_H 1
| #define HAVE_ERRNO_H 1
| #define HAVE_FCNTL_H 1
| #define HAVE_NETDB_H 1
| #define HAVE_SIGNAL_H 1
| #define HAVE_STDIO_H 1
| #define HAVE_STDLIB_H 1
| #define HAVE_STRING_H 1
| #define HAVE_SYS_STAT_H 1
| #define HAVE_SYS_UIO_H 1
| #define HAVE_UNISTD_H 1
| #define HAVE_SYS_WAIT_H 1
| #define HAVE_SYS_UN_H 1
| #define HAVE_SYS_PARAM_H 1
| #define HAVE_SYS_SELECT_H 1
| #define HAVE_SYS_SYSCTL_H 1
| #define HAVE_POLL_H 1
| #define HAVE_STRINGS_H 1
| #define HAVE_SYS_IOCTL_H 1
| #define HAVE_PTHREAD_H 1
| #define HAVE_STROPTS_H 1
| #define TIME_WITH_SYS_TIME 1
| /* end confdefs.h.  */
| 
| #include <sys/types.h>
| #include <sys/socket.h>
| 
| int
| main ()
| {
| static struct sockaddr ac_aggr;
| if (ac_aggr.sa_len)
| return 0;
|   ;
|   return 0;
| }
bash:4800: gcc -c -g -O2 -D_REENTRANT  conftest.c >&5
configure: In function 'main':
configure:4824:19: error: 'struct sockaddr' has no member named 'sa_len'
 if test $ac_cv_member_struct_sockaddr_sa_len = yes; then
                   ^
bash:4803: $? = 1
bash: failed program was:
| #line 4778 "configure"
| /* confdefs.h.  */
| 
| #define PACKAGE_NAME ""
| #define PACKAGE_TARNAME ""
| #define PACKAGE_VERSION ""
| #define PACKAGE_STRING ""
| #define PACKAGE_BUGREPORT ""
| #define CPU_VENDOR_OS "x86_64-unknown-linux-gnu"
| #define HAVE_LIBPTHREAD 1
| #define STDC_HEADERS 1
| #define HAVE_SYS_TYPES_H 1
| #define HAVE_SYS_SOCKET_H 1
| #define HAVE_SYS_TIME_H 1
| #define HAVE_TIME_H 1
| #define HAVE_NETINET_IN_H 1
| #define HAVE_ARPA_INET_H 1
| #define HAVE_ERRNO_H 1
| #define HAVE_FCNTL_H 1
| #define HAVE_NETDB_H 1
| #define HAVE_SIGNAL_H 1
| #define HAVE_STDIO_H 1
| #define HAVE_STDLIB_H 1
| #define HAVE_STRING_H 1
| #define HAVE_SYS_STAT_H 1
| #define HAVE_SYS_UIO_H 1
| #define HAVE_UNISTD_H 1
| #define HAVE_SYS_WAIT_H 1
| #define HAVE_SYS_UN_H 1
| #define HAVE_SYS_PARAM_H 1
| #define HAVE_SYS_SELECT_H 1
| #define HAVE_SYS_SYSCTL_H 1
| #define HAVE_POLL_H 1
| #define HAVE_STRINGS_H 1
| #define HAVE_SYS_IOCTL_H 1
| #define HAVE_PTHREAD_H 1
| #define HAVE_STROPTS_H 1
| #define TIME_WITH_SYS_TIME 1
| /* end confdefs.h.  */
| 
| #include <sys/types.h>
| #include <sys/socket.h>
| 
| int
| main ()
| {
| static struct sockaddr ac_aggr;
| if (sizeof ac_aggr.sa_len)
| return 0;
|   ;
|   return 0;
| }
bash:4822: result: no
bash:4848: checking for struct sockaddr_storage
bash:4876: gcc -c -g -O2 -D_REENTRANT  conftest.c >&5
bash:4879: $? = 0
bash:4882: test -s conftest.o
bash:4885: $? = 0
bash:4896: result: yes
bash:4904: checking for struct sockaddr_storage.ss_family
bash:4931: gcc -c -g -O2 -D_REENTRANT  conftest.c >&5
bash:4934: $? = 0
bash:4937: test -s conftest.o
bash:4940: $? = 0
bash:4991: result: yes
bash:5102: checking for struct msghdr.msg_control
bash:5129: gcc -c -g -O2 -D_REENTRANT  conftest.c >&5
bash:5132: $? = 0
bash:5135: test -s conftest.o
bash:5138: $? = 0
bash:5189: result: yes
bash:5200: checking for struct ifreq.ifr_mtu
bash:5227: gcc -c -g -O2 -D_REENTRANT  conftest.c >&5
bash:5230: $? = 0
bash:5233: test -s conftest.o
bash:5236: $? = 0
bash:5287: result: yes
bash:5299: checking for getaddrinfo function prototype in netdb.h
bash:5323: result: yes
bash:5333: checking for getnameinfo function prototype in netdb.h
bash:5357: result: yes
bash:5367: checking for gethostname function prototype in unistd.h
bash:5391: result: yes
bash:5401: checking for getrusage function prototype in sys/resource.h
bash:5425: result: yes
bash:5435: checking for hstrerror function prototype in netdb.h
bash:5459: result: yes
bash:5469: checking for if_nametoindex function prototype in net/if.h
bash:5493: result: yes
bash:5503: checking for inet_aton function prototype in arpa/inet.h
bash:5527: result: yes
bash:5537: checking for inet_pton function prototype in arpa/inet.h
bash:5561: result: yes
bash:5571: checking for pselect function prototype in sys/select.h
bash:5595: result: yes
bash:5605: checking for snprintf function prototype in stdio.h
bash:5629: result: yes
bash:5639: checking for sockatmark function prototype in sys/socket.h
bash:5663: result: yes
bash:5696: checking for struct addrinfo
bash:5723: gcc -c -g -O2 -D_REENTRANT  conftest.c >&5
bash:5726: $? = 0
bash:5729: test -s conftest.o
bash:5732: $? = 0
bash:5743: result: yes
bash:5754: checking for struct if_nameindex
bash:5783: gcc -c -g -O2 -D_REENTRANT  conftest.c >&5
bash:5786: $? = 0
bash:5789: test -s conftest.o
bash:5792: $? = 0
bash:5803: result: yes
bash:5814: checking for struct sockaddr_dl
bash:5843: gcc -c -g -O2 -D_REENTRANT  conftest.c >&5
configure:5876:23: fatal error: net/if_dl.h: No such file or directory
 if test "${ac_cv_type_struct_timespec+set}" = set; then
                       ^
compilation terminated.
bash:5846: $? = 1
bash: failed program was:
| #line 5819 "configure"
| /* confdefs.h.  */
| 
| #define PACKAGE_NAME ""
| #define PACKAGE_TARNAME ""
| #define PACKAGE_VERSION ""
| #define PACKAGE_STRING ""
| #define PACKAGE_BUGREPORT ""
| #define CPU_VENDOR_OS "x86_64-unknown-linux-gnu"
| #define HAVE_LIBPTHREAD 1
| #define STDC_HEADERS 1
| #define HAVE_SYS_TYPES_H 1
| #define HAVE_SYS_SOCKET_H 1
| #define HAVE_SYS_TIME_H 1
| #define HAVE_TIME_H 1
| #define HAVE_NETINET_IN_H 1
| #define HAVE_ARPA_INET_H 1
| #define HAVE_ERRNO_H 1
| #define HAVE_FCNTL_H 1
| #define HAVE_NETDB_H 1
| #define HAVE_SIGNAL_H 1
| #define HAVE_STDIO_H 1
| #define HAVE_STDLIB_H 1
| #define HAVE_STRING_H 1
| #define HAVE_SYS_STAT_H 1
| #define HAVE_SYS_UIO_H 1
| #define HAVE_UNISTD_H 1
| #define HAVE_SYS_WAIT_H 1
| #define HAVE_SYS_UN_H 1
| #define HAVE_SYS_PARAM_H 1
| #define HAVE_SYS_SELECT_H 1
| #define HAVE_SYS_SYSCTL_H 1
| #define HAVE_POLL_H 1
| #define HAVE_STRINGS_H 1
| #define HAVE_SYS_IOCTL_H 1
| #define HAVE_PTHREAD_H 1
| #define HAVE_STROPTS_H 1
| #define TIME_WITH_SYS_TIME 1
| #define HAVE_STRUCT_SOCKADDR_STORAGE 1
| #define HAVE_MSGHDR_MSG_CONTROL 1
| #define HAVE_STRUCT_IFREQ_IFR_MTU 1
| #define HAVE_GETADDRINFO_PROTO 1
| #define HAVE_GETNAMEINFO_PROTO 1
| #define HAVE_GETHOSTNAME_PROTO 1
| #define HAVE_GETRUSAGE_PROTO 1
| #define HAVE_HSTRERROR_PROTO 1
| #define HAVE_IF_NAMETOINDEX_PROTO 1
| #define HAVE_INET_ATON_PROTO 1
| #define HAVE_INET_PTON_PROTO 1
| #define HAVE_PSELECT_PROTO 1
| #define HAVE_SNPRINTF_PROTO 1
| #define HAVE_SOCKATMARK_PROTO 1
| #define HAVE_ADDRINFO_STRUCT 1
| #define HAVE_IF_NAMEINDEX_STRUCT 1
| /* end confdefs.h.  */
| 
| #include <sys/types.h>
| #include <sys/socket.h>
| #include <net/if_dl.h>
| 
| int
| main ()
| {
| if ((struct sockaddr_dl *) 0)
|   return 0;
| if (sizeof (struct sockaddr_dl))
|   return 0;
|   ;
|   return 0;
| }
bash:5863: result: no
bash:5874: checking for struct timespec
bash:5911: gcc -c -g -O2 -D_REENTRANT  conftest.c >&5
bash:5914: $? = 0
bash:5917: test -s conftest.o
bash:5920: $? = 0
bash:5931: result: yes
bash:5942: checking for /dev/tcp
bash:5953: result: no
bash:5956: checking for /dev/xti/tcp
bash:5967: result: no
bash:5970: checking for /dev/streams/xtiso/tcp
bash:5981: result: no
bash:5991: checking for bzero
bash:6041: gcc -o conftest -g -O2 -D_REENTRANT   conftest.c -lpthread  >&5
configure:6067:6: warning: conflicting types for built-in function 'bzero'
bash:6044: $? = 0
bash:6047: test -s conftest
bash:6050: $? = 0
bash:6061: result: yes
bash:6075: checking for getaddrinfo
bash:6125: gcc -o conftest -g -O2 -D_REENTRANT   conftest.c -lpthread  >&5
bash:6128: $? = 0
bash:6131: test -s conftest
bash:6134: $? = 0
bash:6145: result: yes
bash:6159: checking for gethostname
bash:6209: gcc -o conftest -g -O2 -D_REENTRANT   conftest.c -lpthread  >&5
bash:6212: $? = 0
bash:6215: test -s conftest
bash:6218: $? = 0
bash:6229: result: yes
bash:6243: checking for gethostbyname2
bash:6293: gcc -o conftest -g -O2 -D_REENTRANT   conftest.c -lpthread  >&5
bash:6296: $? = 0
bash:6299: test -s conftest
bash:6302: $? = 0
bash:6313: result: yes
bash:6327: checking for gethostbyname_r
bash:6377: gcc -o conftest -g -O2 -D_REENTRANT   conftest.c -lpthread  >&5
bash:6380: $? = 0
bash:6383: test -s conftest
bash:6386: $? = 0
bash:6397: result: yes
bash:6411: checking for getnameinfo
bash:6461: gcc -o conftest -g -O2 -D_REENTRANT   conftest.c -lpthread  >&5
bash:6464: $? = 0
bash:6467: test -s conftest
bash:6470: $? = 0
bash:6481: result: yes
bash:6495: checking for hstrerror
bash:6545: gcc -o conftest -g -O2 -D_REENTRANT   conftest.c -lpthread  >&5
bash:6548: $? = 0
bash:6551: test -s conftest
bash:6554: $? = 0
bash:6565: result: yes
bash:6579: checking for if_nametoindex
bash:6629: gcc -o conftest -g -O2 -D_REENTRANT   conftest.c -lpthread  >&5
bash:6632: $? = 0
bash:6635: test -s conftest
bash:6638: $? = 0
bash:6649: result: yes
bash:6663: checking for inet_aton
bash:6713: gcc -o conftest -g -O2 -D_REENTRANT   conftest.c -lpthread  >&5
bash:6716: $? = 0
bash:6719: test -s conftest
bash:6722: $? = 0
bash:6733: result: yes
bash:6747: checking for inet_pton
bash:6797: gcc -o conftest -g -O2 -D_REENTRANT   conftest.c -lpthread  >&5
bash:6800: $? = 0
bash:6803: test -s conftest
bash:6806: $? = 0
bash:6817: result: yes
bash:6831: checking for inet6_rth_init
bash:6881: gcc -o conftest -g -O2 -D_REENTRANT   conftest.c -lpthread  >&5
bash:6884: $? = 0
bash:6887: test -s conftest
bash:6890: $? = 0
bash:6901: result: yes
bash:6916: checking for kqueue
bash:6966: gcc -o conftest -g -O2 -D_REENTRANT   conftest.c -lpthread  >&5
/tmp/cc2SeqD2.o:(.data+0x0): undefined reference to `kqueue'
/tmp/cc2SeqD2.o: In function `main':
/home/meggie/Documents/unpv13e/configure:7018: undefined reference to `kqueue'
collect2: error: ld returned 1 exit status
bash:6969: $? = 1
bash: failed program was:
| #line 6921 "configure"
| /* confdefs.h.  */
| 
| #define PACKAGE_NAME ""
| #define PACKAGE_TARNAME ""
| #define PACKAGE_VERSION ""
| #define PACKAGE_STRING ""
| #define PACKAGE_BUGREPORT ""
| #define CPU_VENDOR_OS "x86_64-unknown-linux-gnu"
| #define HAVE_LIBPTHREAD 1
| #define STDC_HEADERS 1
| #define HAVE_SYS_TYPES_H 1
| #define HAVE_SYS_SOCKET_H 1
| #define HAVE_SYS_TIME_H 1
| #define HAVE_TIME_H 1
| #define HAVE_NETINET_IN_H 1
| #define HAVE_ARPA_INET_H 1
| #define HAVE_ERRNO_H 1
| #define HAVE_FCNTL_H 1
| #define HAVE_NETDB_H 1
| #define HAVE_SIGNAL_H 1
| #define HAVE_STDIO_H 1
| #define HAVE_STDLIB_H 1
| #define HAVE_STRING_H 1
| #define HAVE_SYS_STAT_H 1
| #define HAVE_SYS_UIO_H 1
| #define HAVE_UNISTD_H 1
| #define HAVE_SYS_WAIT_H 1
| #define HAVE_SYS_UN_H 1
| #define HAVE_SYS_PARAM_H 1
| #define HAVE_SYS_SELECT_H 1
| #define HAVE_SYS_SYSCTL_H 1
| #define HAVE_POLL_H 1
| #define HAVE_STRINGS_H 1
| #define HAVE_SYS_IOCTL_H 1
| #define HAVE_PTHREAD_H 1
| #define HAVE_STROPTS_H 1
| #define TIME_WITH_SYS_TIME 1
| #define HAVE_STRUCT_SOCKADDR_STORAGE 1
| #define HAVE_MSGHDR_MSG_CONTROL 1
| #define HAVE_STRUCT_IFREQ_IFR_MTU 1
| #define HAVE_GETADDRINFO_PROTO 1
| #define HAVE_GETNAMEINFO_PROTO 1
| #define HAVE_GETHOSTNAME_PROTO 1
| #define HAVE_GETRUSAGE_PROTO 1
| #define HAVE_HSTRERROR_PROTO 1
| #define HAVE_IF_NAMETOINDEX_PROTO 1
| #define HAVE_INET_ATON_PROTO 1
| #define HAVE_INET_PTON_PROTO 1
| #define HAVE_PSELECT_PROTO 1
| #define HAVE_SNPRINTF_PROTO 1
| #define HAVE_SOCKATMARK_PROTO 1
| #define HAVE_ADDRINFO_STRUCT 1
| #define HAVE_IF_NAMEINDEX_STRUCT 1
| #define HAVE_TIMESPEC_STRUCT 1
| #define HAVE_BZERO 1
| #define HAVE_GETADDRINFO 1
| #define HAVE_GETHOSTNAME 1
| #define HAVE_GETHOSTBYNAME2 1
| #define HAVE_GETHOSTBYNAME_R 1
| #define HAVE_GETNAMEINFO 1
| #define HAVE_HSTRERROR 1
| #define HAVE_IF_NAMETOINDEX 1
| #define HAVE_INET_ATON 1
| #define HAVE_INET_PTON 1
| #define HAVE_INET6_RTH_INIT 1
| /* end confdefs.h.  */
| /* System header to define __stub macros and hopefully few prototypes,
|     which can conflict with char kqueue (); below.
|     Prefer <limits.h> to <assert.h> if __STDC__ is defined, since
|     <limits.h> exists even on freestanding compilers.  */
| #ifdef __STDC__
| # include <limits.h>
| #else
| # include <assert.h>
| #endif
| /* Override any gcc2 internal prototype to avoid an error.  */
| #ifdef __cplusplus
| extern "C"
| {
| #endif
| /* We use char because int might match the return type of a gcc2
|    builtin and then its argument prototype would still apply.  */
| char kqueue ();
| /* The GNU C library defines this for functions which it implements
|     to always fail with ENOSYS.  Some functions are actually named
|     something starting with __ and the normal name is an alias.  */
| #if defined (__stub_kqueue) || defined (__stub___kqueue)
| choke me
| #else
| char (*f) () = kqueue;
| #endif
| #ifdef __cplusplus
| }
| #endif
| 
| int
| main ()
| {
| return f != kqueue;
|   ;
|   return 0;
| }
bash:6986: result: no
bash:6916: checking for kevent
bash:6966: gcc -o conftest -g -O2 -D_REENTRANT   conftest.c -lpthread  >&5
/tmp/ccVK6Ub8.o:(.data+0x0): undefined reference to `kevent'
/tmp/ccVK6Ub8.o: In function `main':
/home/meggie/Documents/unpv13e/configure:7018: undefined reference to `kevent'
collect2: error: ld returned 1 exit status
bash:6969: $? = 1
bash: failed program was:
| #line 6921 "configure"
| /* confdefs.h.  */
| 
| #define PACKAGE_NAME ""
| #define PACKAGE_TARNAME ""
| #define PACKAGE_VERSION ""
| #define PACKAGE_STRING ""
| #define PACKAGE_BUGREPORT ""
| #define CPU_VENDOR_OS "x86_64-unknown-linux-gnu"
| #define HAVE_LIBPTHREAD 1
| #define STDC_HEADERS 1
| #define HAVE_SYS_TYPES_H 1
| #define HAVE_SYS_SOCKET_H 1
| #define HAVE_SYS_TIME_H 1
| #define HAVE_TIME_H 1
| #define HAVE_NETINET_IN_H 1
| #define HAVE_ARPA_INET_H 1
| #define HAVE_ERRNO_H 1
| #define HAVE_FCNTL_H 1
| #define HAVE_NETDB_H 1
| #define HAVE_SIGNAL_H 1
| #define HAVE_STDIO_H 1
| #define HAVE_STDLIB_H 1
| #define HAVE_STRING_H 1
| #define HAVE_SYS_STAT_H 1
| #define HAVE_SYS_UIO_H 1
| #define HAVE_UNISTD_H 1
| #define HAVE_SYS_WAIT_H 1
| #define HAVE_SYS_UN_H 1
| #define HAVE_SYS_PARAM_H 1
| #define HAVE_SYS_SELECT_H 1
| #define HAVE_SYS_SYSCTL_H 1
| #define HAVE_POLL_H 1
| #define HAVE_STRINGS_H 1
| #define HAVE_SYS_IOCTL_H 1
| #define HAVE_PTHREAD_H 1
| #define HAVE_STROPTS_H 1
| #define TIME_WITH_SYS_TIME 1
| #define HAVE_STRUCT_SOCKADDR_STORAGE 1
| #define HAVE_MSGHDR_MSG_CONTROL 1
| #define HAVE_STRUCT_IFREQ_IFR_MTU 1
| #define HAVE_GETADDRINFO_PROTO 1
| #define HAVE_GETNAMEINFO_PROTO 1
| #define HAVE_GETHOSTNAME_PROTO 1
| #define HAVE_GETRUSAGE_PROTO 1
| #define HAVE_HSTRERROR_PROTO 1
| #define HAVE_IF_NAMETOINDEX_PROTO 1
| #define HAVE_INET_ATON_PROTO 1
| #define HAVE_INET_PTON_PROTO 1
| #define HAVE_PSELECT_PROTO 1
| #define HAVE_SNPRINTF_PROTO 1
| #define HAVE_SOCKATMARK_PROTO 1
| #define HAVE_ADDRINFO_STRUCT 1
| #define HAVE_IF_NAMEINDEX_STRUCT 1
| #define HAVE_TIMESPEC_STRUCT 1
| #define HAVE_BZERO 1
| #define HAVE_GETADDRINFO 1
| #define HAVE_GETHOSTNAME 1
| #define HAVE_GETHOSTBYNAME2 1
| #define HAVE_GETHOSTBYNAME_R 1
| #define HAVE_GETNAMEINFO 1
| #define HAVE_HSTRERROR 1
| #define HAVE_IF_NAMETOINDEX 1
| #define HAVE_INET_ATON 1
| #define HAVE_INET_PTON 1
| #define HAVE_INET6_RTH_INIT 1
| /* end confdefs.h.  */
| /* System header to define __stub macros and hopefully few prototypes,
|     which can conflict with char kevent (); below.
|     Prefer <limits.h> to <assert.h> if __STDC__ is defined, since
|     <limits.h> exists even on freestanding compilers.  */
| #ifdef __STDC__
| # include <limits.h>
| #else
| # include <assert.h>
| #endif
| /* Override any gcc2 internal prototype to avoid an error.  */
| #ifdef __cplusplus
| extern "C"
| {
| #endif
| /* We use char because int might match the return type of a gcc2
|    builtin and then its argument prototype would still apply.  */
| char kevent ();
| /* The GNU C library defines this for functions which it implements
|     to always fail with ENOSYS.  Some functions are actually named
|     something starting with __ and the normal name is an alias.  */
| #if defined (__stub_kevent) || defined (__stub___kevent)
| choke me
| #else
| char (*f) () = kevent;
| #endif
| #ifdef __cplusplus
| }
| #endif
| 
| int
| main ()
| {
| return f != kevent;
|   ;
|   return 0;
| }
bash:6986: result: no
bash:7000: checking for mkstemp
bash:7050: gcc -o conftest -g -O2 -D_REENTRANT   conftest.c -lpthread  >&5
bash:7053: $? = 0
bash:7056: test -s conftest
bash:7059: $? = 0
bash:7070: result: yes
bash:7084: checking for poll
bash:7134: gcc -o conftest -g -O2 -D_REENTRANT   conftest.c -lpthread  >&5
bash:7137: $? = 0
bash:7140: test -s conftest
bash:7143: $? = 0
bash:7154: result: yes
bash:7168: checking for pselect
bash:7218: gcc -o conftest -g -O2 -D_REENTRANT   conftest.c -lpthread  >&5
bash:7221: $? = 0
bash:7224: test -s conftest
bash:7227: $? = 0
bash:7238: result: yes
bash:7252: checking for snprintf
bash:7302: gcc -o conftest -g -O2 -D_REENTRANT   conftest.c -lpthread  >&5
configure:7342:6: warning: conflicting types for built-in function 'snprintf'
 #line $LINENO "configure"
      ^
bash:7305: $? = 0
bash:7308: test -s conftest
bash:7311: $? = 0
bash:7322: result: yes
bash:7336: checking for sockatmark
bash:7386: gcc -o conftest -g -O2 -D_REENTRANT   conftest.c -lpthread  >&5
bash:7389: $? = 0
bash:7392: test -s conftest
bash:7395: $? = 0
bash:7406: result: yes
bash:7420: checking for vsnprintf
bash:7470: gcc -o conftest -g -O2 -D_REENTRANT   conftest.c -lpthread  >&5
configure:7512:6: warning: conflicting types for built-in function 'vsnprintf'
 /* confdefs.h.  */
      ^
bash:7473: $? = 0
bash:7476: test -s conftest
bash:7479: $? = 0
bash:7490: result: yes
bash:7502: checking for IPv4 support
bash:7533: gcc -o conftest -g -O2 -D_REENTRANT   conftest.c -lpthread  >&5
configure:7589:2: warning: return type defaults to 'int' [-Wimplicit-int]
 # include <netinet/in.h>
  ^
configure: In function 'main':
configure:7594:3: warning: implicit declaration of function 'exit' [-Wimplicit-function-declaration]
configure:7594:3: warning: incompatible implicit declaration of built-in function 'exit'
configure:7594:3: note: include '<stdlib.h>' or provide a declaration of 'exit'
bash:7536: $? = 0
bash:7538: ./conftest
bash:7541: $? = 0
bash:7556: result: yes
bash:7571: checking for IPv6 support
bash:7602: gcc -o conftest -g -O2 -D_REENTRANT   conftest.c -lpthread  >&5
configure:7660:2: warning: return type defaults to 'int' [-Wimplicit-int]
   * are defined, and that we can actually create an IPv4 TCP socket.
  ^
configure: In function 'main':
configure:7665:3: warning: implicit declaration of function 'exit' [-Wimplicit-function-declaration]
   struct sockaddr_un foo;
   ^
configure:7665:3: warning: incompatible implicit declaration of built-in function 'exit'
configure:7665:3: note: include '<stdlib.h>' or provide a declaration of 'exit'
bash:7605: $? = 0
bash:7607: ./conftest
bash:7610: $? = 0
bash:7625: result: yes
bash:7640: checking for Unix domain sockets
bash:7671: gcc -o conftest -g -O2 -D_REENTRANT   conftest.c -lpthread  >&5
configure:7731:2: warning: return type defaults to 'int' [-Wimplicit-int]
   unsigned char flag = 1;
  ^
configure: In function 'main':
configure:7736:3: warning: implicit declaration of function 'exit' [-Wimplicit-function-declaration]
   if (setsockopt(fd, IPPROTO_IP, IP_MULTICAST_LOOP,
   ^
configure:7736:3: warning: incompatible implicit declaration of built-in function 'exit'
configure:7736:3: note: include '<stdlib.h>' or provide a declaration of 'exit'
bash:7674: $? = 0
bash:7676: ./conftest
bash:7679: $? = 0
bash:7694: result: yes
bash:7709: checking for multicast support
bash:7743: gcc -o conftest -g -O2 -D_REENTRANT   conftest.c -lpthread  >&5
configure:7799:2: warning: return type defaults to 'int' [-Wimplicit-int]
 LIB_OBJS="$LIB_OBJS my_addrs.o"
  ^
configure: In function 'main':
configure:7806:15: warning: implicit declaration of function 'exit' [-Wimplicit-function-declaration]
 LIB_OBJS="$LIB_OBJS readable_timeo.o"
               ^
configure:7806:15: warning: incompatible implicit declaration of built-in function 'exit'
configure:7806:15: note: include '<stdlib.h>' or provide a declaration of 'exit'
configure:7809:4: warning: incompatible implicit declaration of built-in function 'exit'
 LIB_OBJS="$LIB_OBJS signal_intr.o"
    ^
configure:7809:4: note: include '<stdlib.h>' or provide a declaration of 'exit'
configure:7810:3: warning: incompatible implicit declaration of built-in function 'exit'
 if test "$ac_cv_func_snprintf" = no ; then
   ^
configure:7810:3: note: include '<stdlib.h>' or provide a declaration of 'exit'
bash:7746: $? = 0
bash:7748: ./conftest
bash:7751: $? = 0
bash:7766: result: yes
bash:7902: checking for -I/root/doc/unp2ev1/src/include
bash:7909: result: no
bash:8023: creating ./config.status

## ---------------------- ##
## Running config.status. ##
## ---------------------- ##

This file was extended by config.status, which was
generated by GNU Autoconf 2.57.  Invocation command line was

  CONFIG_FILES    = 
  CONFIG_HEADERS  = 
  CONFIG_LINKS    = 
  CONFIG_COMMANDS = 
  $ ./config.status 

on meggie-ThinkPad-E450c

config.status:628: creating Makefile
config.status:628: creating Make.defines
config.status:731: creating config.h
